<?xml version="1.0" encoding="UTF-8"?>
<testng-results ignored="0" total="2" passed="2" failed="0" skipped="0">
  <reporter-output>
  </reporter-output>
  <suite started-at="2022-02-24T01:52:33 CST" name="Default suite" finished-at="2022-02-24T01:52:48 CST" duration-ms="15477">
    <groups>
      <group name="cucumber">
        <method signature="AbstractTestNGCucumberTests.runScenario(io.cucumber.testng.PickleWrapper, io.cucumber.testng.FeatureWrapper)[pri:0, instance:salesforcerunner.TestRunnerB@79da8dc5]" name="runScenario" class="io.cucumber.testng.AbstractTestNGCucumberTests"/>
      </group> <!-- cucumber -->
    </groups>
    <test started-at="2022-02-24T01:52:33 CST" name="Default test" finished-at="2022-02-24T01:52:48 CST" duration-ms="15477">
      <class name="salesforcerunner.TestRunnerB">
        <test-method is-config="true" signature="setUpClass(org.testng.ITestContext)[pri:0, instance:salesforcerunner.TestRunnerB@79da8dc5]" started-at="2022-02-24T01:52:33 CST" name="setUpClass" finished-at="2022-02-24T01:52:33 CST" duration-ms="226" status="PASS">
          <params>
            <param index="0">
              <value>
                <![CDATA[org.testng.TestRunner@67efd2c2]]>
              </value>
            </param>
          </params>
          <reporter-output>
          </reporter-output>
        </test-method> <!-- setUpClass -->
        <test-method signature="runScenario(io.cucumber.testng.PickleWrapper, io.cucumber.testng.FeatureWrapper)[pri:0, instance:salesforcerunner.TestRunnerB@79da8dc5]" started-at="2022-02-24T01:52:33 CST" name="runScenario" description="Runs Cucumber Scenarios" data-provider="scenarios" finished-at="2022-02-24T01:52:37 CST" duration-ms="3700" status="PASS">
          <params>
            <param index="0">
              <value>
                <![CDATA["Login with valid user and invalid password"]]>
              </value>
            </param>
            <param index="1">
              <value>
                <![CDATA["Optional[Login into salesforce application]"]]>
              </value>
            </param>
          </params>
          <reporter-output>
          </reporter-output>
        </test-method> <!-- runScenario -->
        <test-method signature="runScenario(io.cucumber.testng.PickleWrapper, io.cucumber.testng.FeatureWrapper)[pri:0, instance:salesforcerunner.TestRunnerB@79da8dc5]" started-at="2022-02-24T01:52:37 CST" name="runScenario" description="Runs Cucumber Scenarios" data-provider="scenarios" finished-at="2022-02-24T01:52:48 CST" duration-ms="11501" status="PASS">
          <params>
            <param index="0">
              <value>
                <![CDATA["Login with valid user and valid password"]]>
              </value>
            </param>
            <param index="1">
              <value>
                <![CDATA["Optional[Login into salesforce application]"]]>
              </value>
            </param>
          </params>
          <reporter-output>
          </reporter-output>
        </test-method> <!-- runScenario -->
        <test-method is-config="true" signature="tearDownClass()[pri:0, instance:salesforcerunner.TestRunnerB@79da8dc5]" started-at="2022-02-24T01:52:48 CST" name="tearDownClass" finished-at="2022-02-24T01:52:48 CST" duration-ms="16" status="PASS">
          <reporter-output>
          </reporter-output>
        </test-method> <!-- tearDownClass -->
      </class> <!-- salesforcerunner.TestRunnerB -->
    </test> <!-- Default test -->
  </suite> <!-- Default suite -->
</testng-results>
